Warning message:
In normalizePath(path.expand(path), winslash, mustWork) :
  path[1]="C:/Users/YZW00/OneDrive/??": The filename, directory name, or volume label syntax is incorrect
Warning message:
In normalizePath(path.expand(path), winslash, mustWork) :
  path[1]="C:/Users/YZW00/OneDrive/??": The filename, directory name, or volume label syntax is incorrect
* installing *source* package 'Aji' ...
** using staged installation
** R
** byte-compile and prepare package for lazy loading
Warning message:
In normalizePath(path.expand(path), winslash, mustWork) :
  path[1]="C:/Users/YZW00/OneDrive/??": The filename, directory name, or volume label syntax is incorrect
Warning message:
In normalizePath(path.expand(path), winslash, mustWork) :
  path[1]="C:/Users/YZW00/OneDrive/??": The filename, directory name, or volume label syntax is incorrect
** help
*** installing help indices
** building package indices
Warning message:
In normalizePath(path.expand(path), winslash, mustWork) :
  path[1]="C:/Users/YZW00/OneDrive/??": The filename, directory name, or volume label syntax is incorrect
Warning message:
In normalizePath(path.expand(path), winslash, mustWork) :
  path[1]="C:/Users/YZW00/OneDrive/??": The filename, directory name, or volume label syntax is incorrect
** testing if installed package can be loaded from temporary location
Warning message:
In normalizePath(path.expand(path), winslash, mustWork) :
  path[1]="C:/Users/YZW00/OneDrive/??": The filename, directory name, or volume label syntax is incorrect
Warning message:
In normalizePath(path.expand(path), winslash, mustWork) :
  path[1]="C:/Users/YZW00/OneDrive/??": The filename, directory name, or volume label syntax is incorrect
** testing if installed package can be loaded from final location
Warning message:
In normalizePath(path.expand(path), winslash, mustWork) :
  path[1]="C:/Users/YZW00/OneDrive/??": The filename, directory name, or volume label syntax is incorrect
Warning message:
In normalizePath(path.expand(path), winslash, mustWork) :
  path[1]="C:/Users/YZW00/OneDrive/??": The filename, directory name, or volume label syntax is incorrect
** testing if installed package keeps a record of temporary installation path
* DONE (Aji)
